2023-04-16 14:09:57,643:INFO:PyCaret Supervised Module
2023-04-16 14:09:57,644:INFO:ML Usecase: classification
2023-04-16 14:09:57,644:INFO:version 2.3.10
2023-04-16 14:09:57,644:INFO:Initializing setup()
2023-04-16 14:09:57,644:INFO:setup(target=target, ml_usecase=classification, available_plots={'parameter': 'Hyperparameters', 'auc': 'AUC', 'confusion_matrix': 'Confusion Matrix', 'threshold': 'Threshold', 'pr': 'Precision Recall', 'error': 'Prediction Error', 'class_report': 'Class Report', 'rfe': 'Feature Selection', 'learning': 'Learning Curve', 'manifold': 'Manifold Learning', 'calibration': 'Calibration Curve', 'vc': 'Validation Curve', 'dimension': 'Dimensions', 'feature': 'Feature Importance', 'feature_all': 'Feature Importance (All)', 'boundary': 'Decision Boundary', 'lift': 'Lift Chart', 'gain': 'Gain Chart', 'tree': 'Decision Tree', 'ks': 'KS Statistic Plot'}, train_size=0.7, test_data=None, preprocess=True, imputation_type=simple, iterative_imputation_iters=5, categorical_features=None, categorical_imputation=constant, categorical_iterative_imputer=lightgbm, ordinal_features=None, high_cardinality_features=None, high_cardinality_method=frequency, numeric_features=None, numeric_imputation=mean, numeric_iterative_imputer=lightgbm, date_features=None, ignore_features=None, normalize=False, normalize_method=zscore, transformation=False, transformation_method=yeo-johnson, handle_unknown_categorical=True, unknown_categorical_method=least_frequent, pca=False, pca_method=linear, pca_components=None, ignore_low_variance=False, combine_rare_levels=False, rare_level_threshold=0.1, bin_numeric_features=None, remove_outliers=False, outliers_threshold=0.05, remove_multicollinearity=False, multicollinearity_threshold=0.9, remove_perfect_collinearity=True, create_clusters=False, cluster_iter=20, polynomial_features=False, polynomial_degree=2, trigonometry_features=False, polynomial_threshold=0.1, group_features=None, group_names=None, feature_selection=False, feature_selection_threshold=0.8, feature_selection_method=classic, feature_interaction=False, feature_ratio=False, interaction_threshold=0.01, fix_imbalance=False, fix_imbalance_method=None, transform_target=False, transform_target_method=box-cox, data_split_shuffle=True, data_split_stratify=False, fold_strategy=stratifiedkfold, fold=10, fold_shuffle=False, fold_groups=None, n_jobs=-1, use_gpu=False, custom_pipeline=None, html=True, session_id=None, log_experiment=False, experiment_name=None, experiment_custom_tags=None, log_plots=False, log_profile=False, log_data=False, silent=False, verbose=True, profile=False, profile_kwargs=None, display=None)
2023-04-16 14:09:57,644:INFO:Checking environment
2023-04-16 14:09:57,644:INFO:python_version: 3.7.15
2023-04-16 14:09:57,644:INFO:python_build: ('default', 'Nov 24 2022 18:44:54')
2023-04-16 14:09:57,644:INFO:machine: AMD64
2023-04-16 14:09:57,644:INFO:platform: Windows-10-10.0.19041-SP0
2023-04-16 14:09:57,645:INFO:Memory: svmem(total=17092636672, available=7017889792, percent=58.9, used=10074746880, free=7017889792)
2023-04-16 14:09:57,645:INFO:Physical Core: 8
2023-04-16 14:09:57,645:INFO:Logical Core: 8
2023-04-16 14:09:57,645:INFO:Checking libraries
2023-04-16 14:09:57,645:INFO:pd==1.3.5
2023-04-16 14:09:57,645:INFO:numpy==1.21.6
2023-04-16 14:09:57,645:INFO:sklearn==1.0.2
2023-04-16 14:09:57,983:INFO:Initializing compare_models()
2023-04-16 14:09:57,983:INFO:compare_models(include=None, fold=None, round=4, cross_validation=True, sort=AUC, n_select=1, budget_time=None, turbo=True, errors=ignore, fit_kwargs=None, groups=None, experiment_custom_tags=None, probability_threshold=None, verbose=True, display=None, exclude=None)
2023-04-16 14:09:57,983:INFO:Checking exceptions
2023-04-16 19:17:01,616:INFO:PyCaret Supervised Module
2023-04-16 19:17:01,617:INFO:ML Usecase: classification
2023-04-16 19:17:01,617:INFO:version 2.3.10
2023-04-16 19:17:01,617:INFO:Initializing setup()
2023-04-16 19:17:01,617:INFO:setup(target=target, ml_usecase=classification, available_plots={'parameter': 'Hyperparameters', 'auc': 'AUC', 'confusion_matrix': 'Confusion Matrix', 'threshold': 'Threshold', 'pr': 'Precision Recall', 'error': 'Prediction Error', 'class_report': 'Class Report', 'rfe': 'Feature Selection', 'learning': 'Learning Curve', 'manifold': 'Manifold Learning', 'calibration': 'Calibration Curve', 'vc': 'Validation Curve', 'dimension': 'Dimensions', 'feature': 'Feature Importance', 'feature_all': 'Feature Importance (All)', 'boundary': 'Decision Boundary', 'lift': 'Lift Chart', 'gain': 'Gain Chart', 'tree': 'Decision Tree', 'ks': 'KS Statistic Plot'}, train_size=0.7, test_data=None, preprocess=True, imputation_type=simple, iterative_imputation_iters=5, categorical_features=None, categorical_imputation=constant, categorical_iterative_imputer=lightgbm, ordinal_features=None, high_cardinality_features=None, high_cardinality_method=frequency, numeric_features=None, numeric_imputation=mean, numeric_iterative_imputer=lightgbm, date_features=None, ignore_features=None, normalize=False, normalize_method=zscore, transformation=False, transformation_method=yeo-johnson, handle_unknown_categorical=True, unknown_categorical_method=least_frequent, pca=False, pca_method=linear, pca_components=None, ignore_low_variance=False, combine_rare_levels=False, rare_level_threshold=0.1, bin_numeric_features=None, remove_outliers=False, outliers_threshold=0.05, remove_multicollinearity=False, multicollinearity_threshold=0.9, remove_perfect_collinearity=True, create_clusters=False, cluster_iter=20, polynomial_features=False, polynomial_degree=2, trigonometry_features=False, polynomial_threshold=0.1, group_features=None, group_names=None, feature_selection=False, feature_selection_threshold=0.8, feature_selection_method=classic, feature_interaction=False, feature_ratio=False, interaction_threshold=0.01, fix_imbalance=False, fix_imbalance_method=None, transform_target=False, transform_target_method=box-cox, data_split_shuffle=True, data_split_stratify=False, fold_strategy=stratifiedkfold, fold=10, fold_shuffle=False, fold_groups=None, n_jobs=-1, use_gpu=False, custom_pipeline=None, html=True, session_id=None, log_experiment=False, experiment_name=None, experiment_custom_tags=None, log_plots=False, log_profile=False, log_data=False, silent=False, verbose=True, profile=False, profile_kwargs=None, display=None)
2023-04-16 19:17:01,617:INFO:Checking environment
2023-04-16 19:17:01,617:INFO:python_version: 3.7.15
2023-04-16 19:17:01,617:INFO:python_build: ('default', 'Nov 24 2022 18:44:54')
2023-04-16 19:17:01,617:INFO:machine: AMD64
2023-04-16 19:17:01,617:INFO:platform: Windows-10-10.0.19041-SP0
2023-04-16 19:17:01,617:INFO:Memory: svmem(total=17092636672, available=8368881664, percent=51.0, used=8723755008, free=8368881664)
2023-04-16 19:17:01,617:INFO:Physical Core: 8
2023-04-16 19:17:01,617:INFO:Logical Core: 8
2023-04-16 19:17:01,617:INFO:Checking libraries
2023-04-16 19:17:01,617:INFO:pd==1.3.5
2023-04-16 19:17:01,617:INFO:numpy==1.21.5
2023-04-16 19:17:01,617:INFO:sklearn==0.23.2
2023-04-16 19:17:01,617:INFO:lightgbm==3.3.3
2023-04-16 19:17:01,618:WARNING:catboost not found
2023-04-16 19:17:01,618:WARNING:xgboost not found
2023-04-16 19:17:01,619:INFO:mlflow==1.30.0
2023-04-16 19:17:01,619:INFO:Checking Exceptions
2023-04-16 19:17:01,619:INFO:Declaring global variables
2023-04-16 19:17:01,619:INFO:USI: 2f99
2023-04-16 19:17:01,619:INFO:pycaret_globals: {'_ml_usecase', '_all_metrics', 'USI', 'gpu_param', 'fold_groups_param_full', '_internal_pipeline', 'seed', 'display_container', 'n_jobs_param', 'stratify_param', 'X_test', 'fold_generator', 'fold_param', 'dashboard_logger', 'pycaret_globals', 'transform_target_method_param', '_gpu_n_jobs_param', 'iterative_imputation_iters_param', '_all_models', 'y_test', 'exp_name_log', 'X_train', 'prep_pipe', 'X', 'logging_param', 'fix_imbalance_param', '_all_models_internal', 'target_param', 'fix_imbalance_method_param', 'master_model_container', 'imputation_classifier', 'experiment__', 'imputation_regressor', 'fold_groups_param', 'log_plots_param', 'y', 'fold_shuffle_param', 'transform_target_param', 'create_model_container', 'data_before_preprocess', 'html_param', 'y_train', '_available_plots'}
2023-04-16 19:17:01,619:INFO:Preparing display monitor
2023-04-16 19:17:01,619:INFO:Preparing display monitor
2023-04-16 19:17:01,626:INFO:Importing libraries
2023-04-16 19:17:01,626:INFO:Copying data for preprocessing
2023-04-16 19:17:01,632:INFO:Declaring preprocessing parameters
2023-04-16 19:17:01,633:INFO:Creating preprocessing pipeline
2023-04-16 19:17:01,638:INFO:Preprocessing pipeline created successfully
2023-04-16 19:17:01,638:ERROR:(Process Exit): setup has been interupted with user command 'quit'. setup must rerun.
2023-04-16 19:17:01,638:INFO:Creating global containers
2023-04-16 19:17:01,640:INFO:Internal pipeline: Pipeline(memory=None, steps=[('empty_step', 'passthrough')], verbose=False)
2023-04-16 19:17:02,505:WARNING:Couldn't import xgboost.XGBClassifier
2023-04-16 19:17:02,506:WARNING:Couldn't import catboost.CatBoostClassifier
2023-04-16 19:17:02,563:WARNING:Couldn't import xgboost.XGBClassifier
2023-04-16 19:17:02,564:WARNING:Couldn't import catboost.CatBoostClassifier
2023-04-16 19:17:02,564:INFO:Creating grid variables
2023-04-16 19:17:02,572:INFO:create_model_container: 0
2023-04-16 19:17:02,573:INFO:master_model_container: 0
2023-04-16 19:17:02,573:INFO:display_container: 1
2023-04-16 19:17:02,576:INFO:Pipeline(memory=None,
         steps=[('dtypes',
                 DataTypes_Auto_infer(categorical_features=[],
                                      display_types=True, features_todrop=[],
                                      id_columns=[],
                                      ml_usecase='classification',
                                      numerical_features=[], target='target',
                                      time_features=[])),
                ('imputer',
                 Simple_Imputer(categorical_strategy='not_available',
                                fill_value_categorical=None,
                                fill_value_numerical=None,
                                numeric_strat...
                ('scaling', 'passthrough'), ('P_transform', 'passthrough'),
                ('binn', 'passthrough'), ('rem_outliers', 'passthrough'),
                ('cluster_all', 'passthrough'),
                ('dummy', Dummify(target='target')),
                ('fix_perfect', Remove_100(target='target')),
                ('clean_names', Clean_Colum_Names()),
                ('feature_select', 'passthrough'), ('fix_multi', 'passthrough'),
                ('dfs', 'passthrough'), ('pca', 'passthrough')],
         verbose=False)
2023-04-16 19:17:02,576:INFO:setup() succesfully completed......................................
2023-04-16 19:17:08,610:INFO:Initializing compare_models()
2023-04-16 19:17:08,610:INFO:compare_models(include=None, fold=None, round=4, cross_validation=True, sort=AUC, n_select=1, budget_time=None, turbo=True, errors=ignore, fit_kwargs=None, groups=None, experiment_custom_tags=None, probability_threshold=None, verbose=True, display=None, exclude=None)
2023-04-16 19:17:08,610:INFO:Checking exceptions
2023-04-16 19:17:08,611:INFO:Preparing display monitor
2023-04-16 19:17:08,611:INFO:Preparing display monitor
2023-04-16 19:17:08,630:INFO:Initializing Logistic Regression
2023-04-16 19:17:08,630:INFO:Total runtime is 0.0 minutes
2023-04-16 19:17:08,637:INFO:SubProcess create_model() called ==================================
2023-04-16 19:17:08,638:INFO:Initializing create_model()
2023-04-16 19:17:08,638:INFO:create_model(estimator=lr, fold=StratifiedKFold(n_splits=10, random_state=None, shuffle=False), round=4, cross_validation=True, predict=True, fit_kwargs={}, groups=None, refit=False, verbose=False, system=False, metrics=None, experiment_custom_tags=None, add_to_model_list=True, probability_threshold=None, display=<pycaret.internal.Display.Display object at 0x00000266727F9F08>, return_train_score=False, kwargs={})
2023-04-16 19:17:08,638:INFO:Checking exceptions
2023-04-16 19:17:08,638:INFO:Importing libraries
2023-04-16 19:17:08,638:INFO:Copying training dataset
2023-04-16 19:17:08,638:INFO:Defining folds
2023-04-16 19:17:08,639:INFO:Declaring metric variables
2023-04-16 19:17:08,645:INFO:Importing untrained model
2023-04-16 19:17:08,652:INFO:Logistic Regression Imported succesfully
2023-04-16 19:17:08,665:INFO:Starting cross validation
2023-04-16 19:17:08,666:INFO:Cross validating with StratifiedKFold(n_splits=10, random_state=None, shuffle=False), n_jobs=-1
2023-04-16 19:17:12,867:INFO:Calculating mean and std
2023-04-16 19:17:12,868:INFO:Creating metrics dataframe
2023-04-16 19:17:12,872:INFO:Uploading results into container
2023-04-16 19:17:12,872:INFO:Uploading model into container now
2023-04-16 19:17:12,872:INFO:create_model_container: 1
2023-04-16 19:17:12,872:INFO:master_model_container: 1
2023-04-16 19:17:12,872:INFO:display_container: 2
2023-04-16 19:17:12,873:INFO:LogisticRegression(C=1.0, class_weight=None, dual=False, fit_intercept=True,
                   intercept_scaling=1, l1_ratio=None, max_iter=1000,
                   multi_class='auto', n_jobs=None, penalty='l2',
                   random_state=4973, solver='lbfgs', tol=0.0001, verbose=0,
                   warm_start=False)
2023-04-16 19:17:12,873:INFO:create_model() succesfully completed......................................
2023-04-16 19:17:12,933:INFO:SubProcess create_model() end ==================================
2023-04-16 19:17:12,933:INFO:Creating metrics dataframe
2023-04-16 19:17:12,944:INFO:Initializing K Neighbors Classifier
2023-04-16 19:17:12,944:INFO:Total runtime is 0.07190021673838297 minutes
2023-04-16 19:17:12,950:INFO:SubProcess create_model() called ==================================
2023-04-16 19:17:12,950:INFO:Initializing create_model()
2023-04-16 19:17:12,950:INFO:create_model(estimator=knn, fold=StratifiedKFold(n_splits=10, random_state=None, shuffle=False), round=4, cross_validation=True, predict=True, fit_kwargs={}, groups=None, refit=False, verbose=False, system=False, metrics=None, experiment_custom_tags=None, add_to_model_list=True, probability_threshold=None, display=<pycaret.internal.Display.Display object at 0x00000266727F9F08>, return_train_score=False, kwargs={})
2023-04-16 19:17:12,950:INFO:Checking exceptions
2023-04-16 19:17:12,950:INFO:Importing libraries
2023-04-16 19:17:12,950:INFO:Copying training dataset
2023-04-16 19:17:12,951:INFO:Defining folds
2023-04-16 19:17:12,951:INFO:Declaring metric variables
2023-04-16 19:17:12,956:INFO:Importing untrained model
2023-04-16 19:17:12,962:INFO:K Neighbors Classifier Imported succesfully
2023-04-16 19:17:12,973:INFO:Starting cross validation
2023-04-16 19:17:12,974:INFO:Cross validating with StratifiedKFold(n_splits=10, random_state=None, shuffle=False), n_jobs=-1
2023-04-16 19:17:13,471:INFO:Calculating mean and std
2023-04-16 19:17:13,472:INFO:Creating metrics dataframe
2023-04-16 19:17:13,477:INFO:Uploading results into container
2023-04-16 19:17:13,477:INFO:Uploading model into container now
2023-04-16 19:17:13,477:INFO:create_model_container: 2
2023-04-16 19:17:13,477:INFO:master_model_container: 2
2023-04-16 19:17:13,477:INFO:display_container: 2
2023-04-16 19:17:13,477:INFO:KNeighborsClassifier(algorithm='auto', leaf_size=30, metric='minkowski',
                     metric_params=None, n_jobs=-1, n_neighbors=5, p=2,
                     weights='uniform')
2023-04-16 19:17:13,477:INFO:create_model() succesfully completed......................................
2023-04-16 19:17:13,544:INFO:SubProcess create_model() end ==================================
2023-04-16 19:17:13,545:INFO:Creating metrics dataframe
2023-04-16 19:17:13,557:INFO:Initializing Naive Bayes
2023-04-16 19:17:13,557:INFO:Total runtime is 0.08211586872736612 minutes
2023-04-16 19:17:13,562:INFO:SubProcess create_model() called ==================================
2023-04-16 19:17:13,562:INFO:Initializing create_model()
2023-04-16 19:17:13,562:INFO:create_model(estimator=nb, fold=StratifiedKFold(n_splits=10, random_state=None, shuffle=False), round=4, cross_validation=True, predict=True, fit_kwargs={}, groups=None, refit=False, verbose=False, system=False, metrics=None, experiment_custom_tags=None, add_to_model_list=True, probability_threshold=None, display=<pycaret.internal.Display.Display object at 0x00000266727F9F08>, return_train_score=False, kwargs={})
2023-04-16 19:17:13,563:INFO:Checking exceptions
2023-04-16 19:17:13,563:INFO:Importing libraries
2023-04-16 19:17:13,563:INFO:Copying training dataset
2023-04-16 19:17:13,563:INFO:Defining folds
2023-04-16 19:17:13,563:INFO:Declaring metric variables
2023-04-16 19:17:13,568:INFO:Importing untrained model
2023-04-16 19:17:13,573:INFO:Naive Bayes Imported succesfully
2023-04-16 19:17:13,584:INFO:Starting cross validation
2023-04-16 19:17:13,584:INFO:Cross validating with StratifiedKFold(n_splits=10, random_state=None, shuffle=False), n_jobs=-1
2023-04-16 19:17:13,615:INFO:Calculating mean and std
2023-04-16 19:17:13,616:INFO:Creating metrics dataframe
2023-04-16 19:17:13,619:INFO:Uploading results into container
2023-04-16 19:17:13,619:INFO:Uploading model into container now
2023-04-16 19:17:13,619:INFO:create_model_container: 3
2023-04-16 19:17:13,619:INFO:master_model_container: 3
2023-04-16 19:17:13,619:INFO:display_container: 2
2023-04-16 19:17:13,619:INFO:GaussianNB(priors=None, var_smoothing=1e-09)
2023-04-16 19:17:13,619:INFO:create_model() succesfully completed......................................
2023-04-16 19:17:13,677:INFO:SubProcess create_model() end ==================================
2023-04-16 19:17:13,677:INFO:Creating metrics dataframe
2023-04-16 19:17:13,688:INFO:Initializing Decision Tree Classifier
2023-04-16 19:17:13,688:INFO:Total runtime is 0.08429969946543375 minutes
2023-04-16 19:17:13,693:INFO:SubProcess create_model() called ==================================
2023-04-16 19:17:13,693:INFO:Initializing create_model()
2023-04-16 19:17:13,693:INFO:create_model(estimator=dt, fold=StratifiedKFold(n_splits=10, random_state=None, shuffle=False), round=4, cross_validation=True, predict=True, fit_kwargs={}, groups=None, refit=False, verbose=False, system=False, metrics=None, experiment_custom_tags=None, add_to_model_list=True, probability_threshold=None, display=<pycaret.internal.Display.Display object at 0x00000266727F9F08>, return_train_score=False, kwargs={})
2023-04-16 19:17:13,694:INFO:Checking exceptions
2023-04-16 19:17:13,694:INFO:Importing libraries
2023-04-16 19:17:13,694:INFO:Copying training dataset
2023-04-16 19:17:13,694:INFO:Defining folds
2023-04-16 19:17:13,694:INFO:Declaring metric variables
2023-04-16 19:17:13,699:INFO:Importing untrained model
2023-04-16 19:17:13,704:INFO:Decision Tree Classifier Imported succesfully
2023-04-16 19:17:13,713:INFO:Starting cross validation
2023-04-16 19:17:13,714:INFO:Cross validating with StratifiedKFold(n_splits=10, random_state=None, shuffle=False), n_jobs=-1
2023-04-16 19:17:13,748:INFO:Calculating mean and std
2023-04-16 19:17:13,748:INFO:Creating metrics dataframe
2023-04-16 19:17:13,752:INFO:Uploading results into container
2023-04-16 19:17:13,752:INFO:Uploading model into container now
2023-04-16 19:17:13,752:INFO:create_model_container: 4
2023-04-16 19:17:13,752:INFO:master_model_container: 4
2023-04-16 19:17:13,752:INFO:display_container: 2
2023-04-16 19:17:13,752:INFO:DecisionTreeClassifier(ccp_alpha=0.0, class_weight=None, criterion='gini',
                       max_depth=None, max_features=None, max_leaf_nodes=None,
                       min_impurity_decrease=0.0, min_impurity_split=None,
                       min_samples_leaf=1, min_samples_split=2,
                       min_weight_fraction_leaf=0.0, presort='deprecated',
                       random_state=4973, splitter='best')
2023-04-16 19:17:13,752:INFO:create_model() succesfully completed......................................
2023-04-16 19:17:13,811:INFO:SubProcess create_model() end ==================================
2023-04-16 19:17:13,812:INFO:Creating metrics dataframe
2023-04-16 19:17:13,823:INFO:Initializing SVM - Linear Kernel
2023-04-16 19:17:13,824:INFO:Total runtime is 0.08656827608744302 minutes
2023-04-16 19:17:13,829:INFO:SubProcess create_model() called ==================================
2023-04-16 19:17:13,829:INFO:Initializing create_model()
2023-04-16 19:17:13,829:INFO:create_model(estimator=svm, fold=StratifiedKFold(n_splits=10, random_state=None, shuffle=False), round=4, cross_validation=True, predict=True, fit_kwargs={}, groups=None, refit=False, verbose=False, system=False, metrics=None, experiment_custom_tags=None, add_to_model_list=True, probability_threshold=None, display=<pycaret.internal.Display.Display object at 0x00000266727F9F08>, return_train_score=False, kwargs={})
2023-04-16 19:17:13,829:INFO:Checking exceptions
2023-04-16 19:17:13,829:INFO:Importing libraries
2023-04-16 19:17:13,829:INFO:Copying training dataset
2023-04-16 19:17:13,830:INFO:Defining folds
2023-04-16 19:17:13,830:INFO:Declaring metric variables
2023-04-16 19:17:13,835:INFO:Importing untrained model
2023-04-16 19:17:13,840:INFO:SVM - Linear Kernel Imported succesfully
2023-04-16 19:17:13,850:INFO:Starting cross validation
2023-04-16 19:17:13,850:INFO:Cross validating with StratifiedKFold(n_splits=10, random_state=None, shuffle=False), n_jobs=-1
2023-04-16 19:17:13,891:INFO:Calculating mean and std
2023-04-16 19:17:13,891:INFO:Creating metrics dataframe
2023-04-16 19:17:13,895:INFO:Uploading results into container
2023-04-16 19:17:13,895:INFO:Uploading model into container now
2023-04-16 19:17:13,895:INFO:create_model_container: 5
2023-04-16 19:17:13,895:INFO:master_model_container: 5
2023-04-16 19:17:13,895:INFO:display_container: 2
2023-04-16 19:17:13,895:INFO:SGDClassifier(alpha=0.0001, average=False, class_weight=None,
              early_stopping=False, epsilon=0.1, eta0=0.001, fit_intercept=True,
              l1_ratio=0.15, learning_rate='optimal', loss='hinge',
              max_iter=1000, n_iter_no_change=5, n_jobs=-1, penalty='l2',
              power_t=0.5, random_state=4973, shuffle=True, tol=0.001,
              validation_fraction=0.1, verbose=0, warm_start=False)
2023-04-16 19:17:13,895:INFO:create_model() succesfully completed......................................
2023-04-16 19:17:13,954:INFO:SubProcess create_model() end ==================================
2023-04-16 19:17:13,954:INFO:Creating metrics dataframe
2023-04-16 19:17:13,966:INFO:Initializing Ridge Classifier
2023-04-16 19:17:13,966:INFO:Total runtime is 0.08893004258473713 minutes
2023-04-16 19:17:13,971:INFO:SubProcess create_model() called ==================================
2023-04-16 19:17:13,971:INFO:Initializing create_model()
2023-04-16 19:17:13,971:INFO:create_model(estimator=ridge, fold=StratifiedKFold(n_splits=10, random_state=None, shuffle=False), round=4, cross_validation=True, predict=True, fit_kwargs={}, groups=None, refit=False, verbose=False, system=False, metrics=None, experiment_custom_tags=None, add_to_model_list=True, probability_threshold=None, display=<pycaret.internal.Display.Display object at 0x00000266727F9F08>, return_train_score=False, kwargs={})
2023-04-16 19:17:13,971:INFO:Checking exceptions
2023-04-16 19:17:13,971:INFO:Importing libraries
2023-04-16 19:17:13,971:INFO:Copying training dataset
2023-04-16 19:17:13,972:INFO:Defining folds
2023-04-16 19:17:13,972:INFO:Declaring metric variables
2023-04-16 19:17:13,976:INFO:Importing untrained model
2023-04-16 19:17:13,981:INFO:Ridge Classifier Imported succesfully
2023-04-16 19:17:13,991:INFO:Starting cross validation
2023-04-16 19:17:13,991:INFO:Cross validating with StratifiedKFold(n_splits=10, random_state=None, shuffle=False), n_jobs=-1
2023-04-16 19:17:14,042:INFO:Calculating mean and std
2023-04-16 19:17:14,043:INFO:Creating metrics dataframe
2023-04-16 19:17:14,046:INFO:Uploading results into container
2023-04-16 19:17:14,046:INFO:Uploading model into container now
2023-04-16 19:17:14,046:INFO:create_model_container: 6
2023-04-16 19:17:14,046:INFO:master_model_container: 6
2023-04-16 19:17:14,046:INFO:display_container: 2
2023-04-16 19:17:14,047:INFO:RidgeClassifier(alpha=1.0, class_weight=None, copy_X=True, fit_intercept=True,
                max_iter=None, normalize=False, random_state=4973,
                solver='auto', tol=0.001)
2023-04-16 19:17:14,047:INFO:create_model() succesfully completed......................................
2023-04-16 19:17:14,105:INFO:SubProcess create_model() end ==================================
2023-04-16 19:17:14,105:INFO:Creating metrics dataframe
2023-04-16 19:17:14,117:INFO:Initializing Random Forest Classifier
2023-04-16 19:17:14,117:INFO:Total runtime is 0.09145140647888182 minutes
2023-04-16 19:17:14,122:INFO:SubProcess create_model() called ==================================
2023-04-16 19:17:14,122:INFO:Initializing create_model()
2023-04-16 19:17:14,122:INFO:create_model(estimator=rf, fold=StratifiedKFold(n_splits=10, random_state=None, shuffle=False), round=4, cross_validation=True, predict=True, fit_kwargs={}, groups=None, refit=False, verbose=False, system=False, metrics=None, experiment_custom_tags=None, add_to_model_list=True, probability_threshold=None, display=<pycaret.internal.Display.Display object at 0x00000266727F9F08>, return_train_score=False, kwargs={})
2023-04-16 19:17:14,122:INFO:Checking exceptions
2023-04-16 19:17:14,122:INFO:Importing libraries
2023-04-16 19:17:14,122:INFO:Copying training dataset
2023-04-16 19:17:14,123:INFO:Defining folds
2023-04-16 19:17:14,123:INFO:Declaring metric variables
2023-04-16 19:17:14,128:INFO:Importing untrained model
2023-04-16 19:17:14,133:INFO:Random Forest Classifier Imported succesfully
2023-04-16 19:17:14,143:INFO:Starting cross validation
2023-04-16 19:17:14,143:INFO:Cross validating with StratifiedKFold(n_splits=10, random_state=None, shuffle=False), n_jobs=-1
2023-04-16 19:17:15,772:INFO:Calculating mean and std
2023-04-16 19:17:15,774:INFO:Creating metrics dataframe
2023-04-16 19:17:15,785:INFO:Uploading results into container
2023-04-16 19:17:15,786:INFO:Uploading model into container now
2023-04-16 19:17:15,786:INFO:create_model_container: 7
2023-04-16 19:17:15,787:INFO:master_model_container: 7
2023-04-16 19:17:15,787:INFO:display_container: 2
2023-04-16 19:17:15,788:INFO:RandomForestClassifier(bootstrap=True, ccp_alpha=0.0, class_weight=None,
                       criterion='gini', max_depth=None, max_features='auto',
                       max_leaf_nodes=None, max_samples=None,
                       min_impurity_decrease=0.0, min_impurity_split=None,
                       min_samples_leaf=1, min_samples_split=2,
                       min_weight_fraction_leaf=0.0, n_estimators=100,
                       n_jobs=-1, oob_score=False, random_state=4973, verbose=0,
                       warm_start=False)
2023-04-16 19:17:15,788:INFO:create_model() succesfully completed......................................
2023-04-16 19:17:15,877:INFO:SubProcess create_model() end ==================================
2023-04-16 19:17:15,877:INFO:Creating metrics dataframe
2023-04-16 19:17:15,891:INFO:Initializing Quadratic Discriminant Analysis
2023-04-16 19:17:15,891:INFO:Total runtime is 0.12101396719614663 minutes
2023-04-16 19:17:15,897:INFO:SubProcess create_model() called ==================================
2023-04-16 19:17:15,897:INFO:Initializing create_model()
2023-04-16 19:17:15,897:INFO:create_model(estimator=qda, fold=StratifiedKFold(n_splits=10, random_state=None, shuffle=False), round=4, cross_validation=True, predict=True, fit_kwargs={}, groups=None, refit=False, verbose=False, system=False, metrics=None, experiment_custom_tags=None, add_to_model_list=True, probability_threshold=None, display=<pycaret.internal.Display.Display object at 0x00000266727F9F08>, return_train_score=False, kwargs={})
2023-04-16 19:17:15,897:INFO:Checking exceptions
2023-04-16 19:17:15,897:INFO:Importing libraries
2023-04-16 19:17:15,897:INFO:Copying training dataset
2023-04-16 19:17:15,898:INFO:Defining folds
2023-04-16 19:17:15,898:INFO:Declaring metric variables
2023-04-16 19:17:15,904:INFO:Importing untrained model
2023-04-16 19:17:15,910:INFO:Quadratic Discriminant Analysis Imported succesfully
2023-04-16 19:17:15,923:INFO:Starting cross validation
2023-04-16 19:17:15,924:INFO:Cross validating with StratifiedKFold(n_splits=10, random_state=None, shuffle=False), n_jobs=-1
2023-04-16 19:17:15,970:INFO:Calculating mean and std
2023-04-16 19:17:15,971:INFO:Creating metrics dataframe
2023-04-16 19:17:15,975:INFO:Uploading results into container
2023-04-16 19:17:15,975:INFO:Uploading model into container now
2023-04-16 19:17:15,975:INFO:create_model_container: 8
2023-04-16 19:17:15,975:INFO:master_model_container: 8
2023-04-16 19:17:15,975:INFO:display_container: 2
2023-04-16 19:17:15,975:INFO:QuadraticDiscriminantAnalysis(priors=None, reg_param=0.0,
                              store_covariance=False, tol=0.0001)
2023-04-16 19:17:15,975:INFO:create_model() succesfully completed......................................
2023-04-16 19:17:16,037:INFO:SubProcess create_model() end ==================================
2023-04-16 19:17:16,037:INFO:Creating metrics dataframe
2023-04-16 19:17:16,049:INFO:Initializing Ada Boost Classifier
2023-04-16 19:17:16,049:INFO:Total runtime is 0.12366142670313515 minutes
2023-04-16 19:17:16,056:INFO:SubProcess create_model() called ==================================
2023-04-16 19:17:16,056:INFO:Initializing create_model()
2023-04-16 19:17:16,056:INFO:create_model(estimator=ada, fold=StratifiedKFold(n_splits=10, random_state=None, shuffle=False), round=4, cross_validation=True, predict=True, fit_kwargs={}, groups=None, refit=False, verbose=False, system=False, metrics=None, experiment_custom_tags=None, add_to_model_list=True, probability_threshold=None, display=<pycaret.internal.Display.Display object at 0x00000266727F9F08>, return_train_score=False, kwargs={})
2023-04-16 19:17:16,056:INFO:Checking exceptions
2023-04-16 19:17:16,056:INFO:Importing libraries
2023-04-16 19:17:16,056:INFO:Copying training dataset
2023-04-16 19:17:16,057:INFO:Defining folds
2023-04-16 19:17:16,057:INFO:Declaring metric variables
2023-04-16 19:17:16,062:INFO:Importing untrained model
2023-04-16 19:17:16,068:INFO:Ada Boost Classifier Imported succesfully
2023-04-16 19:17:16,081:INFO:Starting cross validation
2023-04-16 19:17:16,081:INFO:Cross validating with StratifiedKFold(n_splits=10, random_state=None, shuffle=False), n_jobs=-1
2023-04-16 19:17:16,232:INFO:Calculating mean and std
2023-04-16 19:17:16,232:INFO:Creating metrics dataframe
2023-04-16 19:17:16,236:INFO:Uploading results into container
2023-04-16 19:17:16,236:INFO:Uploading model into container now
2023-04-16 19:17:16,236:INFO:create_model_container: 9
2023-04-16 19:17:16,236:INFO:master_model_container: 9
2023-04-16 19:17:16,236:INFO:display_container: 2
2023-04-16 19:17:16,236:INFO:AdaBoostClassifier(algorithm='SAMME.R', base_estimator=None, learning_rate=1.0,
                   n_estimators=50, random_state=4973)
2023-04-16 19:17:16,236:INFO:create_model() succesfully completed......................................
2023-04-16 19:17:16,295:INFO:SubProcess create_model() end ==================================
2023-04-16 19:17:16,295:INFO:Creating metrics dataframe
2023-04-16 19:17:16,307:INFO:Initializing Gradient Boosting Classifier
2023-04-16 19:17:16,307:INFO:Total runtime is 0.12795129219690957 minutes
2023-04-16 19:17:16,313:INFO:SubProcess create_model() called ==================================
2023-04-16 19:17:16,313:INFO:Initializing create_model()
2023-04-16 19:17:16,313:INFO:create_model(estimator=gbc, fold=StratifiedKFold(n_splits=10, random_state=None, shuffle=False), round=4, cross_validation=True, predict=True, fit_kwargs={}, groups=None, refit=False, verbose=False, system=False, metrics=None, experiment_custom_tags=None, add_to_model_list=True, probability_threshold=None, display=<pycaret.internal.Display.Display object at 0x00000266727F9F08>, return_train_score=False, kwargs={})
2023-04-16 19:17:16,313:INFO:Checking exceptions
2023-04-16 19:17:16,313:INFO:Importing libraries
2023-04-16 19:17:16,313:INFO:Copying training dataset
2023-04-16 19:17:16,314:INFO:Defining folds
2023-04-16 19:17:16,314:INFO:Declaring metric variables
2023-04-16 19:17:16,319:INFO:Importing untrained model
2023-04-16 19:17:16,326:INFO:Gradient Boosting Classifier Imported succesfully
2023-04-16 19:17:16,338:INFO:Starting cross validation
2023-04-16 19:17:16,338:INFO:Cross validating with StratifiedKFold(n_splits=10, random_state=None, shuffle=False), n_jobs=-1
2023-04-16 19:17:16,465:INFO:Calculating mean and std
2023-04-16 19:17:16,466:INFO:Creating metrics dataframe
2023-04-16 19:17:16,469:INFO:Uploading results into container
2023-04-16 19:17:16,469:INFO:Uploading model into container now
2023-04-16 19:17:16,469:INFO:create_model_container: 10
2023-04-16 19:17:16,469:INFO:master_model_container: 10
2023-04-16 19:17:16,469:INFO:display_container: 2
2023-04-16 19:17:16,470:INFO:GradientBoostingClassifier(ccp_alpha=0.0, criterion='friedman_mse', init=None,
                           learning_rate=0.1, loss='deviance', max_depth=3,
                           max_features=None, max_leaf_nodes=None,
                           min_impurity_decrease=0.0, min_impurity_split=None,
                           min_samples_leaf=1, min_samples_split=2,
                           min_weight_fraction_leaf=0.0, n_estimators=100,
                           n_iter_no_change=None, presort='deprecated',
                           random_state=4973, subsample=1.0, tol=0.0001,
                           validation_fraction=0.1, verbose=0,
                           warm_start=False)
2023-04-16 19:17:16,470:INFO:create_model() succesfully completed......................................
2023-04-16 19:17:16,529:INFO:SubProcess create_model() end ==================================
2023-04-16 19:17:16,529:INFO:Creating metrics dataframe
2023-04-16 19:17:16,542:INFO:Initializing Linear Discriminant Analysis
2023-04-16 19:17:16,542:INFO:Total runtime is 0.13186362187067666 minutes
2023-04-16 19:17:16,547:INFO:SubProcess create_model() called ==================================
2023-04-16 19:17:16,547:INFO:Initializing create_model()
2023-04-16 19:17:16,547:INFO:create_model(estimator=lda, fold=StratifiedKFold(n_splits=10, random_state=None, shuffle=False), round=4, cross_validation=True, predict=True, fit_kwargs={}, groups=None, refit=False, verbose=False, system=False, metrics=None, experiment_custom_tags=None, add_to_model_list=True, probability_threshold=None, display=<pycaret.internal.Display.Display object at 0x00000266727F9F08>, return_train_score=False, kwargs={})
2023-04-16 19:17:16,547:INFO:Checking exceptions
2023-04-16 19:17:16,548:INFO:Importing libraries
2023-04-16 19:17:16,548:INFO:Copying training dataset
2023-04-16 19:17:16,548:INFO:Defining folds
2023-04-16 19:17:16,548:INFO:Declaring metric variables
2023-04-16 19:17:16,553:INFO:Importing untrained model
2023-04-16 19:17:16,558:INFO:Linear Discriminant Analysis Imported succesfully
2023-04-16 19:17:16,570:INFO:Starting cross validation
2023-04-16 19:17:16,570:INFO:Cross validating with StratifiedKFold(n_splits=10, random_state=None, shuffle=False), n_jobs=-1
2023-04-16 19:17:16,603:INFO:Calculating mean and std
2023-04-16 19:17:16,604:INFO:Creating metrics dataframe
2023-04-16 19:17:16,607:INFO:Uploading results into container
2023-04-16 19:17:16,607:INFO:Uploading model into container now
2023-04-16 19:17:16,607:INFO:create_model_container: 11
2023-04-16 19:17:16,607:INFO:master_model_container: 11
2023-04-16 19:17:16,607:INFO:display_container: 2
2023-04-16 19:17:16,607:INFO:LinearDiscriminantAnalysis(n_components=None, priors=None, shrinkage=None,
                           solver='svd', store_covariance=False, tol=0.0001)
2023-04-16 19:17:16,607:INFO:create_model() succesfully completed......................................
2023-04-16 19:17:16,667:INFO:SubProcess create_model() end ==================================
2023-04-16 19:17:16,667:INFO:Creating metrics dataframe
2023-04-16 19:17:16,679:INFO:Initializing Extra Trees Classifier
2023-04-16 19:17:16,679:INFO:Total runtime is 0.1341584006945292 minutes
2023-04-16 19:17:16,685:INFO:SubProcess create_model() called ==================================
2023-04-16 19:17:16,686:INFO:Initializing create_model()
2023-04-16 19:17:16,686:INFO:create_model(estimator=et, fold=StratifiedKFold(n_splits=10, random_state=None, shuffle=False), round=4, cross_validation=True, predict=True, fit_kwargs={}, groups=None, refit=False, verbose=False, system=False, metrics=None, experiment_custom_tags=None, add_to_model_list=True, probability_threshold=None, display=<pycaret.internal.Display.Display object at 0x00000266727F9F08>, return_train_score=False, kwargs={})
2023-04-16 19:17:16,686:INFO:Checking exceptions
2023-04-16 19:17:16,686:INFO:Importing libraries
2023-04-16 19:17:16,686:INFO:Copying training dataset
2023-04-16 19:17:16,687:INFO:Defining folds
2023-04-16 19:17:16,687:INFO:Declaring metric variables
2023-04-16 19:17:16,692:INFO:Importing untrained model
2023-04-16 19:17:16,698:INFO:Extra Trees Classifier Imported succesfully
2023-04-16 19:17:16,710:INFO:Starting cross validation
2023-04-16 19:17:16,711:INFO:Cross validating with StratifiedKFold(n_splits=10, random_state=None, shuffle=False), n_jobs=-1
2023-04-16 19:17:18,400:INFO:Calculating mean and std
2023-04-16 19:17:18,401:INFO:Creating metrics dataframe
2023-04-16 19:17:18,407:INFO:Uploading results into container
2023-04-16 19:17:18,407:INFO:Uploading model into container now
2023-04-16 19:17:18,407:INFO:create_model_container: 12
2023-04-16 19:17:18,407:INFO:master_model_container: 12
2023-04-16 19:17:18,407:INFO:display_container: 2
2023-04-16 19:17:18,408:INFO:ExtraTreesClassifier(bootstrap=False, ccp_alpha=0.0, class_weight=None,
                     criterion='gini', max_depth=None, max_features='auto',
                     max_leaf_nodes=None, max_samples=None,
                     min_impurity_decrease=0.0, min_impurity_split=None,
                     min_samples_leaf=1, min_samples_split=2,
                     min_weight_fraction_leaf=0.0, n_estimators=100, n_jobs=-1,
                     oob_score=False, random_state=4973, verbose=0,
                     warm_start=False)
2023-04-16 19:17:18,408:INFO:create_model() succesfully completed......................................
2023-04-16 19:17:18,480:INFO:SubProcess create_model() end ==================================
2023-04-16 19:17:18,480:INFO:Creating metrics dataframe
2023-04-16 19:17:18,494:INFO:Initializing Light Gradient Boosting Machine
2023-04-16 19:17:18,494:INFO:Total runtime is 0.1643968860308329 minutes
2023-04-16 19:17:18,499:INFO:SubProcess create_model() called ==================================
2023-04-16 19:17:18,499:INFO:Initializing create_model()
2023-04-16 19:17:18,499:INFO:create_model(estimator=lightgbm, fold=StratifiedKFold(n_splits=10, random_state=None, shuffle=False), round=4, cross_validation=True, predict=True, fit_kwargs={}, groups=None, refit=False, verbose=False, system=False, metrics=None, experiment_custom_tags=None, add_to_model_list=True, probability_threshold=None, display=<pycaret.internal.Display.Display object at 0x00000266727F9F08>, return_train_score=False, kwargs={})
2023-04-16 19:17:18,499:INFO:Checking exceptions
2023-04-16 19:17:18,499:INFO:Importing libraries
2023-04-16 19:17:18,499:INFO:Copying training dataset
2023-04-16 19:17:18,501:INFO:Defining folds
2023-04-16 19:17:18,501:INFO:Declaring metric variables
2023-04-16 19:17:18,505:INFO:Importing untrained model
2023-04-16 19:17:18,511:INFO:Light Gradient Boosting Machine Imported succesfully
2023-04-16 19:17:18,524:INFO:Starting cross validation
2023-04-16 19:17:18,524:INFO:Cross validating with StratifiedKFold(n_splits=10, random_state=None, shuffle=False), n_jobs=-1
2023-04-16 19:17:18,927:INFO:Calculating mean and std
2023-04-16 19:17:18,927:INFO:Creating metrics dataframe
2023-04-16 19:17:18,929:INFO:Uploading results into container
2023-04-16 19:17:18,929:INFO:Uploading model into container now
2023-04-16 19:17:18,930:INFO:create_model_container: 13
2023-04-16 19:17:18,930:INFO:master_model_container: 13
2023-04-16 19:17:18,930:INFO:display_container: 2
2023-04-16 19:17:18,930:INFO:LGBMClassifier(boosting_type='gbdt', class_weight=None, colsample_bytree=1.0,
               importance_type='split', learning_rate=0.1, max_depth=-1,
               min_child_samples=20, min_child_weight=0.001, min_split_gain=0.0,
               n_estimators=100, n_jobs=-1, num_leaves=31, objective=None,
               random_state=4973, reg_alpha=0.0, reg_lambda=0.0, silent='warn',
               subsample=1.0, subsample_for_bin=200000, subsample_freq=0)
2023-04-16 19:17:18,930:INFO:create_model() succesfully completed......................................
2023-04-16 19:17:18,989:INFO:SubProcess create_model() end ==================================
2023-04-16 19:17:18,989:INFO:Creating metrics dataframe
2023-04-16 19:17:19,002:INFO:Initializing Dummy Classifier
2023-04-16 19:17:19,002:INFO:Total runtime is 0.17287062803904213 minutes
2023-04-16 19:17:19,008:INFO:SubProcess create_model() called ==================================
2023-04-16 19:17:19,008:INFO:Initializing create_model()
2023-04-16 19:17:19,008:INFO:create_model(estimator=dummy, fold=StratifiedKFold(n_splits=10, random_state=None, shuffle=False), round=4, cross_validation=True, predict=True, fit_kwargs={}, groups=None, refit=False, verbose=False, system=False, metrics=None, experiment_custom_tags=None, add_to_model_list=True, probability_threshold=None, display=<pycaret.internal.Display.Display object at 0x00000266727F9F08>, return_train_score=False, kwargs={})
2023-04-16 19:17:19,008:INFO:Checking exceptions
2023-04-16 19:17:19,008:INFO:Importing libraries
2023-04-16 19:17:19,008:INFO:Copying training dataset
2023-04-16 19:17:19,009:INFO:Defining folds
2023-04-16 19:17:19,009:INFO:Declaring metric variables
2023-04-16 19:17:19,014:INFO:Importing untrained model
2023-04-16 19:17:19,020:INFO:Dummy Classifier Imported succesfully
2023-04-16 19:17:19,032:INFO:Starting cross validation
2023-04-16 19:17:19,032:INFO:Cross validating with StratifiedKFold(n_splits=10, random_state=None, shuffle=False), n_jobs=-1
2023-04-16 19:17:19,063:INFO:Calculating mean and std
2023-04-16 19:17:19,064:INFO:Creating metrics dataframe
2023-04-16 19:17:19,067:INFO:Uploading results into container
2023-04-16 19:17:19,067:INFO:Uploading model into container now
2023-04-16 19:17:19,067:INFO:create_model_container: 14
2023-04-16 19:17:19,067:INFO:master_model_container: 14
2023-04-16 19:17:19,068:INFO:display_container: 2
2023-04-16 19:17:19,068:INFO:DummyClassifier(constant=None, random_state=4973, strategy='prior')
2023-04-16 19:17:19,068:INFO:create_model() succesfully completed......................................
2023-04-16 19:17:19,126:INFO:SubProcess create_model() end ==================================
2023-04-16 19:17:19,126:INFO:Creating metrics dataframe
2023-04-16 19:17:19,152:INFO:Initializing create_model()
2023-04-16 19:17:19,152:INFO:create_model(estimator=RandomForestClassifier(bootstrap=True, ccp_alpha=0.0, class_weight=None,
                       criterion='gini', max_depth=None, max_features='auto',
                       max_leaf_nodes=None, max_samples=None,
                       min_impurity_decrease=0.0, min_impurity_split=None,
                       min_samples_leaf=1, min_samples_split=2,
                       min_weight_fraction_leaf=0.0, n_estimators=100,
                       n_jobs=-1, oob_score=False, random_state=4973, verbose=0,
                       warm_start=False), fold=StratifiedKFold(n_splits=10, random_state=None, shuffle=False), round=4, cross_validation=False, predict=False, fit_kwargs={}, groups=None, refit=True, verbose=False, system=False, metrics=None, experiment_custom_tags=None, add_to_model_list=True, probability_threshold=None, display=None, return_train_score=False, kwargs={})
2023-04-16 19:17:19,152:INFO:Checking exceptions
2023-04-16 19:17:19,153:INFO:Importing libraries
2023-04-16 19:17:19,153:INFO:Copying training dataset
2023-04-16 19:17:19,153:INFO:Defining folds
2023-04-16 19:17:19,153:INFO:Declaring metric variables
2023-04-16 19:17:19,153:INFO:Importing untrained model
2023-04-16 19:17:19,153:INFO:Declaring custom model
2023-04-16 19:17:19,154:INFO:Random Forest Classifier Imported succesfully
2023-04-16 19:17:19,154:INFO:Cross validation set to False
2023-04-16 19:17:19,154:INFO:Fitting Model
2023-04-16 19:17:19,778:INFO:RandomForestClassifier(bootstrap=True, ccp_alpha=0.0, class_weight=None,
                       criterion='gini', max_depth=None, max_features='auto',
                       max_leaf_nodes=None, max_samples=None,
                       min_impurity_decrease=0.0, min_impurity_split=None,
                       min_samples_leaf=1, min_samples_split=2,
                       min_weight_fraction_leaf=0.0, n_estimators=100,
                       n_jobs=-1, oob_score=False, random_state=4973, verbose=0,
                       warm_start=False)
2023-04-16 19:17:19,778:INFO:create_models() succesfully completed......................................
2023-04-16 19:17:19,869:INFO:create_model_container: 14
2023-04-16 19:17:19,869:INFO:master_model_container: 14
2023-04-16 19:17:19,870:INFO:display_container: 2
2023-04-16 19:17:19,870:INFO:RandomForestClassifier(bootstrap=True, ccp_alpha=0.0, class_weight=None,
                       criterion='gini', max_depth=None, max_features='auto',
                       max_leaf_nodes=None, max_samples=None,
                       min_impurity_decrease=0.0, min_impurity_split=None,
                       min_samples_leaf=1, min_samples_split=2,
                       min_weight_fraction_leaf=0.0, n_estimators=100,
                       n_jobs=-1, oob_score=False, random_state=4973, verbose=0,
                       warm_start=False)
2023-04-16 19:17:19,870:INFO:compare_models() succesfully completed......................................
2023-04-16 19:17:49,572:INFO:Initializing plot_model()
2023-04-16 19:17:49,572:INFO:plot_model(fold=None, use_train_data=False, verbose=True, is_in_evaluate=False, display=None, display_format=None, estimator=RandomForestClassifier(bootstrap=True, ccp_alpha=0.0, class_weight=None,
                       criterion='gini', max_depth=None, max_features='auto',
                       max_leaf_nodes=None, max_samples=None,
                       min_impurity_decrease=0.0, min_impurity_split=None,
                       min_samples_leaf=1, min_samples_split=2,
                       min_weight_fraction_leaf=0.0, n_estimators=100,
                       n_jobs=-1, oob_score=False, random_state=4973, verbose=0,
                       warm_start=False), feature_name=None, fit_kwargs=None, groups=None, label=False, plot=auc, plot_kwargs=None, save=False, scale=1, system=True)
2023-04-16 19:17:49,572:INFO:Checking exceptions
2023-04-16 19:17:49,682:INFO:Preparing display monitor
2023-04-16 19:17:49,685:INFO:Preloading libraries
2023-04-16 19:17:49,694:INFO:Copying training dataset
2023-04-16 19:17:49,695:INFO:Copying test dataset
2023-04-16 19:17:49,695:INFO:Plot type: auc
2023-04-16 19:17:49,911:INFO:Initializing get_config()
2023-04-16 19:17:49,911:INFO:get_config(variable=prep_pipe)
2023-04-16 19:17:49,919:INFO:Global variable: prep_pipe returned as Pipeline(memory=None,
         steps=[('dtypes',
                 DataTypes_Auto_infer(categorical_features=[],
                                      display_types=True, features_todrop=[],
                                      id_columns=[],
                                      ml_usecase='classification',
                                      numerical_features=[], target='target',
                                      time_features=[])),
                ('imputer',
                 Simple_Imputer(categorical_strategy='not_available',
                                fill_value_categorical=None,
                                fill_value_numerical=None,
                                numeric_strat...
                ('scaling', 'passthrough'), ('P_transform', 'passthrough'),
                ('binn', 'passthrough'), ('rem_outliers', 'passthrough'),
                ('cluster_all', 'passthrough'),
                ('dummy', Dummify(target='target')),
                ('fix_perfect', Remove_100(target='target')),
                ('clean_names', Clean_Colum_Names()),
                ('feature_select', 'passthrough'), ('fix_multi', 'passthrough'),
                ('dfs', 'passthrough'), ('pca', 'passthrough')],
         verbose=False)
2023-04-16 19:17:49,920:INFO:get_config() succesfully completed......................................
2023-04-16 19:17:49,953:INFO:Fitting Model
2023-04-16 19:17:49,954:INFO:Scoring test/hold-out set
2023-04-16 19:17:50,385:INFO:Visual Rendered Successfully
2023-04-16 19:17:50,445:INFO:plot_model() succesfully completed......................................
2023-04-16 19:17:50,470:INFO:Initializing plot_model()
2023-04-16 19:17:50,470:INFO:plot_model(fold=None, use_train_data=False, verbose=True, is_in_evaluate=False, display=None, display_format=None, estimator=RandomForestClassifier(bootstrap=True, ccp_alpha=0.0, class_weight=None,
                       criterion='gini', max_depth=None, max_features='auto',
                       max_leaf_nodes=None, max_samples=None,
                       min_impurity_decrease=0.0, min_impurity_split=None,
                       min_samples_leaf=1, min_samples_split=2,
                       min_weight_fraction_leaf=0.0, n_estimators=100,
                       n_jobs=-1, oob_score=False, random_state=4973, verbose=0,
                       warm_start=False), feature_name=None, fit_kwargs=None, groups=None, label=False, plot=feature, plot_kwargs=None, save=False, scale=1, system=True)
2023-04-16 19:17:50,470:INFO:Checking exceptions
2023-04-16 19:17:50,574:INFO:Preparing display monitor
2023-04-16 19:17:50,577:INFO:Preloading libraries
2023-04-16 19:17:50,586:INFO:Copying training dataset
2023-04-16 19:17:50,586:INFO:Copying test dataset
2023-04-16 19:17:50,586:INFO:Plot type: feature
2023-04-16 19:17:50,821:WARNING:No coef_ found. Trying feature_importances_
2023-04-16 19:17:51,057:INFO:Visual Rendered Successfully
2023-04-16 19:17:51,116:INFO:plot_model() succesfully completed......................................
2023-04-16 19:17:51,133:INFO:Initializing plot_model()
2023-04-16 19:17:51,133:INFO:plot_model(fold=None, use_train_data=False, verbose=True, is_in_evaluate=False, display=None, display_format=None, estimator=RandomForestClassifier(bootstrap=True, ccp_alpha=0.0, class_weight=None,
                       criterion='gini', max_depth=None, max_features='auto',
                       max_leaf_nodes=None, max_samples=None,
                       min_impurity_decrease=0.0, min_impurity_split=None,
                       min_samples_leaf=1, min_samples_split=2,
                       min_weight_fraction_leaf=0.0, n_estimators=100,
                       n_jobs=-1, oob_score=False, random_state=4973, verbose=0,
                       warm_start=False), feature_name=None, fit_kwargs=None, groups=None, label=False, plot=confusion_matrix, plot_kwargs=None, save=False, scale=1, system=True)
2023-04-16 19:17:51,133:INFO:Checking exceptions
2023-04-16 19:17:51,239:INFO:Preparing display monitor
2023-04-16 19:17:51,242:INFO:Preloading libraries
2023-04-16 19:17:51,251:INFO:Copying training dataset
2023-04-16 19:17:51,252:INFO:Copying test dataset
2023-04-16 19:17:51,252:INFO:Plot type: confusion_matrix
2023-04-16 19:17:51,475:INFO:Initializing get_config()
2023-04-16 19:17:51,475:INFO:get_config(variable=prep_pipe)
2023-04-16 19:17:51,493:INFO:Global variable: prep_pipe returned as Pipeline(memory=None,
         steps=[('dtypes',
                 DataTypes_Auto_infer(categorical_features=[],
                                      display_types=True, features_todrop=[],
                                      id_columns=[],
                                      ml_usecase='classification',
                                      numerical_features=[], target='target',
                                      time_features=[])),
                ('imputer',
                 Simple_Imputer(categorical_strategy='not_available',
                                fill_value_categorical=None,
                                fill_value_numerical=None,
                                numeric_strat...
                ('scaling', 'passthrough'), ('P_transform', 'passthrough'),
                ('binn', 'passthrough'), ('rem_outliers', 'passthrough'),
                ('cluster_all', 'passthrough'),
                ('dummy', Dummify(target='target')),
                ('fix_perfect', Remove_100(target='target')),
                ('clean_names', Clean_Colum_Names()),
                ('feature_select', 'passthrough'), ('fix_multi', 'passthrough'),
                ('dfs', 'passthrough'), ('pca', 'passthrough')],
         verbose=False)
2023-04-16 19:17:51,493:INFO:get_config() succesfully completed......................................
2023-04-16 19:17:51,495:INFO:Fitting Model
2023-04-16 19:17:51,498:INFO:Scoring test/hold-out set
2023-04-16 19:17:51,853:INFO:Visual Rendered Successfully
2023-04-16 19:17:51,916:INFO:plot_model() succesfully completed......................................
